2018-05-08 05:04:02 +0000  Initial pipeline context: <IDEDistributionProcessingPipelineContext: 0x7fbc2e3aaa20; archive(resolved)='<IDEArchive: 0x7fbc1e7095c0>', distributionTask(resolved)='2', distributionMethod(resolved)='<IDEDistributionMethodDevelopmentSigned: 0x7fbc1c637f40>', team(resolved)='<IDEProvisioningBasicTeam: 0x7fbc1ea4a770; teamID='BRDE53LHF8', teamName='Oceanus Plus Medical Development Co., Ltd.'>'>
	Chain (11, self inclusive):
	<IDEDistributionProcessingPipelineContext: 0x7fbc2e3aaa20; archive = '<IDEArchive: 0x7fbc1e7095c0>', distributionMethod='<IDEDistributionMethodDevelopmentSigned: 0x7fbc1c637f40>', team='<IDEProvisioningBasicTeam: 0x7fbc1ea4a770; teamID='BRDE53LHF8', teamName='Oceanus Plus Medical Development Co., Ltd.'>'>
	<IDEDistributionProcessingPipelineContext: 0x7fbc1635e990; archive = '<IDEArchive: 0x7fbc1e7095c0>', distributionMethod='<IDEDistributionMethodDevelopmentSigned: 0x7fbc1c637f40>', team='<IDEProvisioningBasicTeam: 0x7fbc1ea4a770; teamID='BRDE53LHF8', teamName='Oceanus Plus Medical Development Co., Ltd.'>'>
	<IDEDistributionContext: 0x7fbc03170da0; archive = '<IDEArchive: 0x7fbc1e7095c0>', distributionMethod='<IDEDistributionMethodDevelopmentSigned: 0x7fbc1c637f40>', team='<IDEProvisioningBasicTeam: 0x7fbc1ea4a770; teamID='BRDE53LHF8', teamName='Oceanus Plus Medical Development Co., Ltd.'>'>
	<IDEDistributionContext: 0x7fbc1a7672f0; archive = '<IDEArchive: 0x7fbc1e7095c0>', distributionMethod='<IDEDistributionMethodDevelopmentSigned: 0x7fbc1c637f40>', team='<IDEProvisioningBasicTeam: 0x7fbc1ea4a770; teamID='BRDE53LHF8', teamName='Oceanus Plus Medical Development Co., Ltd.'>'>
	<IDEDistributionContext: 0x7fbc1eed3980; archive = '<IDEArchive: 0x7fbc1e7095c0>', distributionMethod='<IDEDistributionMethodDevelopmentSigned: 0x7fbc1c637f40>', team='<IDEProvisioningBasicTeam: 0x7fbc1ea4a770; teamID='BRDE53LHF8', teamName='Oceanus Plus Medical Development Co., Ltd.'>'>
	<IDEDistributionContext: 0x7fbc120b8a10; archive = '<IDEArchive: 0x7fbc1e7095c0>', distributionMethod='<IDEDistributionMethodDevelopmentSigned: 0x7fbc1c637f40>', team='<IDEProvisioningBasicTeam: 0x7fbc1ea4a770; teamID='BRDE53LHF8', teamName='Oceanus Plus Medical Development Co., Ltd.'>'>
	<IDEDistributionContext: 0x7fbc1e054ef0; archive = '<IDEArchive: 0x7fbc1e7095c0>', distributionMethod='<IDEDistributionMethodDevelopmentSigned: 0x7fbc1c637f40>', team='<IDEProvisioningBasicTeam: 0x7fbc1ea4a770; teamID='BRDE53LHF8', teamName='Oceanus Plus Medical Development Co., Ltd.'>'>
	<IDEDistributionContext: 0x7fbc1fae77e0; archive = '<IDEArchive: 0x7fbc1e7095c0>', distributionMethod='<IDEDistributionMethodDevelopmentSigned: 0x7fbc1c637f40>', team='<IDEProvisioningBasicTeam: 0x7fbc1ea4a770; teamID='BRDE53LHF8', teamName='Oceanus Plus Medical Development Co., Ltd.'>'>
	<IDEDistributionContext: 0x7fbc20810630; archive = '<IDEArchive: 0x7fbc1e7095c0>', distributionMethod='<IDEDistributionMethodDevelopmentSigned: 0x7fbc1c637f40>', team='<IDEProvisioningBasicTeam: 0x7fbc1ea4a770; teamID='BRDE53LHF8', teamName='Oceanus Plus Medical Development Co., Ltd.'>'>
	<IDEDistributionContext: 0x7fbc166f6fe0; archive = '<IDEArchive: 0x7fbc1e7095c0>', distributionMethod='<IDEDistributionMethodDevelopmentSigned: 0x7fbc1c637f40>', team='(null)'>
	<IDEDistributionContext: 0x7fbc2e2b54e0; archive = '<IDEArchive: 0x7fbc1e7095c0>', distributionMethod='(null)', team='(null)'>
</IDEDistributionProcessingPipelineContext: 0x7fbc2e3aaa20>
2018-05-08 05:04:02 +0000  Processing step: IDEDistributionCreateDestRootStep
2018-05-08 05:04:02 +0000  Processing step: IDEDistributionCopyItemStep
2018-05-08 05:04:02 +0000  Running /usr/bin/ditto '-V' '/Users/lei.shi/Library/Developer/Xcode/Archives/2018-05-08/O-trialPro 2018-5-8 下午1.03.xcarchive/Products/Applications/O-trialPro.app' '/var/folders/xq/vvj21q5d4msgn8p_tbxp4fch0000gp/T/XcodeDistPipeline.BY7/Root/Payload/O-trialPro.app'
2018-05-08 05:04:02 +0000  >>> Copying /Users/lei.shi/Library/Developer/Xcode/Archives/2018-05-08/O-trialPro 2018-5-8 下午1.03.xcarchive/Products/Applications/O-trialPro.app 
2018-05-08 05:04:02 +0000  copying file ./_CodeSignature/CodeResources ... 
2018-05-08 05:04:02 +0000  39934 bytes for ./_CodeSignature/CodeResources
2018-05-08 05:04:02 +0000  copying file ./annotate@2x.png ... 
2018-05-08 05:04:02 +0000  1092 bytes for ./annotate@2x.png
2018-05-08 05:04:02 +0000  copying file ./zh-Hans.lproj/WBGImageEditorViewController.strings ... 
2018-05-08 05:04:02 +0000  339 bytes for ./zh-Hans.lproj/WBGImageEditorViewController.strings
2018-05-08 05:04:02 +0000  copying file ./HomeMain.plist ... 
2018-05-08 05:04:02 +0000  437 bytes for ./HomeMain.plist
2018-05-08 05:04:02 +0000  copying file ./ZLPhotoBrowser.bundle/arrow_down@3x.png ... 
2018-05-08 05:04:02 +0000  2201 bytes for ./ZLPhotoBrowser.bundle/arrow_down@3x.png
2018-05-08 05:04:02 +0000  copying file ./ZLPhotoBrowser.bundle/zh-Hans.lproj/Localizable.strings ... 
2018-05-08 05:04:02 +0000  2390 bytes for ./ZLPhotoBrowser.bundle/zh-Hans.lproj/Localizable.strings
2018-05-08 05:04:02 +0000  copying file ./ZLPhotoBrowser.bundle/btn_unselected@3x.png ... 
2018-05-08 05:04:02 +0000  4884 bytes for ./ZLPhotoBrowser.bundle/btn_unselected@3x.png
2018-05-08 05:04:02 +0000  copying file ./ZLPhotoBrowser.bundle/ic_right@2x.png ... 
2018-05-08 05:04:02 +0000  208 bytes for ./ZLPhotoBrowser.bundle/ic_right@2x.png
2018-05-08 05:04:02 +0000  copying file ./ZLPhotoBrowser.bundle/navBackBtn@2x.png ... 
2018-05-08 05:04:02 +0000  116 bytes for ./ZLPhotoBrowser.bundle/navBackBtn@2x.png
copying file ./ZLPhotoBrowser.bundle/defaultphoto.png ... 
2018-05-08 05:04:02 +0000  2474 bytes for ./ZLPhotoBrowser.bundle/defaultphoto.png
2018-05-08 05:04:02 +0000  copying file ./ZLPhotoBrowser.bundle/en.lproj/Localizable.strings ... 
2018-05-08 05:04:02 +0000  2373 bytes for ./ZLPhotoBrowser.bundle/en.lproj/Localizable.strings
2018-05-08 05:04:02 +0000  copying file ./ZLPhotoBrowser.bundle/takePhoto@2x.png ... 
2018-05-08 05:04:02 +0000  1420 bytes for ./ZLPhotoBrowser.bundle/takePhoto@2x.png
2018-05-08 05:04:02 +0000  copying file ./ZLPhotoBrowser.bundle/zl_rotateimage.png ... 
2018-05-08 05:04:02 +0000  758 bytes for ./ZLPhotoBrowser.bundle/zl_rotateimage.png
copying file ./ZLPhotoBrowser.bundle/videoLoadFailed@2x.png ... 
2018-05-08 05:04:02 +0000  637 bytes for ./ZLPhotoBrowser.bundle/videoLoadFailed@2x.png
2018-05-08 05:04:02 +0000  copying file ./ZLPhotoBrowser.bundle/btn_selected.png ... 
2018-05-08 05:04:02 +0000  598 bytes for ./ZLPhotoBrowser.bundle/btn_selected.png
2018-05-08 05:04:02 +0000  copying file ./ZLPhotoBrowser.bundle/videoLoadFailed@3x.png ... 
2018-05-08 05:04:02 +0000  801 bytes for ./ZLPhotoBrowser.bundle/videoLoadFailed@3x.png
2018-05-08 05:04:02 +0000  copying file ./ZLPhotoBrowser.bundle/takePhoto@3x.png ... 
2018-05-08 05:04:02 +0000  2218 bytes for ./ZLPhotoBrowser.bundle/takePhoto@3x.png
2018-05-08 05:04:02 +0000  copying file ./ZLPhotoBrowser.bundle/ic_right@3x.png ... 
2018-05-08 05:04:02 +0000  502 bytes for ./ZLPhotoBrowser.bundle/ic_right@3x.png
2018-05-08 05:04:02 +0000  copying file ./ZLPhotoBrowser.bundle/btn_unselected@2x.png ... 
2018-05-08 05:04:02 +0000  4084 bytes for ./ZLPhotoBrowser.bundle/btn_unselected@2x.png
2018-05-08 05:04:02 +0000  copying file ./ZLPhotoBrowser.bundle/arrow_down@2x.png ... 
2018-05-08 05:04:02 +0000  1553 bytes for ./ZLPhotoBrowser.bundle/arrow_down@2x.png
2018-05-08 05:04:02 +0000  copying file ./ZLPhotoBrowser.bundle/lock.png ... 
2018-05-08 05:04:02 +0000  22135 bytes for ./ZLPhotoBrowser.bundle/lock.png
2018-05-08 05:04:02 +0000  copying file ./ZLPhotoBrowser.bundle/zl_rotateimage@2x.png ... 
2018-05-08 05:04:02 +0000  1123 bytes for ./ZLPhotoBrowser.bundle/zl_rotateimage@2x.png
2018-05-08 05:04:02 +0000  copying file ./ZLPhotoBrowser.bundle/playVideo@2x.png ... 
2018-05-08 05:04:02 +0000  21247 bytes for ./ZLPhotoBrowser.bundle/playVideo@2x.png
2018-05-08 05:04:02 +0000  copying file ./ZLPhotoBrowser.bundle/videoView@3x.png ... 
2018-05-08 05:04:02 +0000  15761 bytes for ./ZLPhotoBrowser.bundle/videoView@3x.png
copying file ./ZLPhotoBrowser.bundle/retake@2x.png ... 
2018-05-08 05:04:02 +0000  2167 bytes for ./ZLPhotoBrowser.bundle/retake@2x.png
copying file ./ZLPhotoBrowser.bundle/btn_rotate.png ... 
2018-05-08 05:04:02 +0000  8924 bytes for ./ZLPhotoBrowser.bundle/btn_rotate.png
2018-05-08 05:04:02 +0000  copying file ./ZLPhotoBrowser.bundle/retake@3x.png ... 
2018-05-08 05:04:02 +0000  3006 bytes for ./ZLPhotoBrowser.bundle/retake@3x.png
copying file ./ZLPhotoBrowser.bundle/btn_original_circle.png ... 
2018-05-08 05:04:02 +0000  1037 bytes for ./ZLPhotoBrowser.bundle/btn_original_circle.png
copying file ./ZLPhotoBrowser.bundle/videoView@2x.png ... 
2018-05-08 05:04:02 +0000  15373 bytes for ./ZLPhotoBrowser.bundle/videoView@2x.png
2018-05-08 05:04:02 +0000  copying file ./ZLPhotoBrowser.bundle/playVideo@3x.png ... 
2018-05-08 05:04:03 +0000  23821 bytes for ./ZLPhotoBrowser.bundle/playVideo@3x.png
2018-05-08 05:04:03 +0000  copying file ./ZLPhotoBrowser.bundle/zh-Hant.lproj/Localizable.strings ... 
2018-05-08 05:04:03 +0000  2390 bytes for ./ZLPhotoBrowser.bundle/zh-Hant.lproj/Localizable.strings
2018-05-08 05:04:03 +0000  copying file ./ZLPhotoBrowser.bundle/zl_rotateimage@3x.png ... 
2018-05-08 05:04:03 +0000  1469 bytes for ./ZLPhotoBrowser.bundle/zl_rotateimage@3x.png
copying file ./ZLPhotoBrowser.bundle/btn_original_circle@3x.png ... 
2018-05-08 05:04:03 +0000  2668 bytes for ./ZLPhotoBrowser.bundle/btn_original_circle@3x.png
copying file ./ZLPhotoBrowser.bundle/toggle_camera@2x.png ... 
2018-05-08 05:04:03 +0000  2392 bytes for ./ZLPhotoBrowser.bundle/toggle_camera@2x.png
2018-05-08 05:04:03 +0000  copying file ./ZLPhotoBrowser.bundle/btn_circle@2x.png ... 
2018-05-08 05:04:03 +0000  1540 bytes for ./ZLPhotoBrowser.bundle/btn_circle@2x.png
2018-05-08 05:04:03 +0000  copying file ./ZLPhotoBrowser.bundle/btn_circle@3x.png ... 
2018-05-08 05:04:03 +0000  3814 bytes for ./ZLPhotoBrowser.bundle/btn_circle@3x.png
2018-05-08 05:04:03 +0000  copying file ./ZLPhotoBrowser.bundle/toggle_camera@3x.png ... 
2018-05-08 05:04:03 +0000  3492 bytes for ./ZLPhotoBrowser.bundle/toggle_camera@3x.png
2018-05-08 05:04:03 +0000  copying file ./ZLPhotoBrowser.bundle/btn_original_circle@2x.png ... 
2018-05-08 05:04:03 +0000  1885 bytes for ./ZLPhotoBrowser.bundle/btn_original_circle@2x.png
2018-05-08 05:04:03 +0000  copying file ./ZLPhotoBrowser.bundle/focus@3x.png ... 
2018-05-08 05:04:03 +0000  2224 bytes for ./ZLPhotoBrowser.bundle/focus@3x.png
2018-05-08 05:04:03 +0000  copying file ./ZLPhotoBrowser.bundle/btn_unselected.png ... 
2018-05-08 05:04:03 +0000  3313 bytes for ./ZLPhotoBrowser.bundle/btn_unselected.png
copying file ./ZLPhotoBrowser.bundle/ic_left@3x.png ... 
2018-05-08 05:04:03 +0000  514 bytes for ./ZLPhotoBrowser.bundle/ic_left@3x.png
copying file ./ZLPhotoBrowser.bundle/livePhoto@3x.png ... 
2018-05-08 05:04:03 +0000  3462 bytes for ./ZLPhotoBrowser.bundle/livePhoto@3x.png
2018-05-08 05:04:03 +0000  copying file ./ZLPhotoBrowser.bundle/takeok@2x.png ... 
2018-05-08 05:04:03 +0000  2668 bytes for ./ZLPhotoBrowser.bundle/takeok@2x.png
2018-05-08 05:04:03 +0000  copying file ./ZLPhotoBrowser.bundle/video@2x.png ... 
2018-05-08 05:04:03 +0000  1034 bytes for ./ZLPhotoBrowser.bundle/video@2x.png
2018-05-08 05:04:03 +0000  copying file ./ZLPhotoBrowser.bundle/btn_selected@3x.png ... 
2018-05-08 05:04:03 +0000  1775 bytes for ./ZLPhotoBrowser.bundle/btn_selected@3x.png
2018-05-08 05:04:03 +0000  copying file ./ZLPhotoBrowser.bundle/ja-US.lproj/Localizable.strings ... 
2018-05-08 05:04:03 +0000  2783 bytes for ./ZLPhotoBrowser.bundle/ja-US.lproj/Localizable.strings
2018-05-08 05:04:03 +0000  copying file ./ZLPhotoBrowser.bundle/video@3x.png ... 
2018-05-08 05:04:03 +0000  1275 bytes for ./ZLPhotoBrowser.bundle/video@3x.png
2018-05-08 05:04:03 +0000  copying file ./ZLPhotoBrowser.bundle/btn_selected@2x.png ... 
2018-05-08 05:04:03 +0000  1101 bytes for ./ZLPhotoBrowser.bundle/btn_selected@2x.png
2018-05-08 05:04:03 +0000  copying file ./ZLPhotoBrowser.bundle/livePhoto@2x.png ... 
2018-05-08 05:04:03 +0000  2032 bytes for ./ZLPhotoBrowser.bundle/livePhoto@2x.png
2018-05-08 05:04:03 +0000  copying file ./ZLPhotoBrowser.bundle/takeok@3x.png ... 
2018-05-08 05:04:03 +0000  3863 bytes for ./ZLPhotoBrowser.bundle/takeok@3x.png
2018-05-08 05:04:03 +0000  copying file ./ZLPhotoBrowser.bundle/ic_left@2x.png ... 
2018-05-08 05:04:03 +0000  203 bytes for ./ZLPhotoBrowser.bundle/ic_left@2x.png
copying file ./ZLPhotoBrowser.bundle/focus@2x.png ... 
2018-05-08 05:04:03 +0000  1328 bytes for ./ZLPhotoBrowser.bundle/focus@2x.png
2018-05-08 05:04:03 +0000  copying file ./en.lproj/WBGImageEditorViewController.strings ... 
2018-05-08 05:04:03 +0000  333 bytes for ./en.lproj/WBGImageEditorViewController.strings
2018-05-08 05:04:03 +0000  copying file ./MJRefresh.bundle/zh-Hans.lproj/Localizable.strings ... 
2018-05-08 05:04:03 +0000  1194 bytes for ./MJRefresh.bundle/zh-Hans.lproj/Localizable.strings
2018-05-08 05:04:03 +0000  copying file ./MJRefresh.bundle/en.lproj/Localizable.strings ... 
2018-05-08 05:04:03 +0000  1372 bytes for ./MJRefresh.bundle/en.lproj/Localizable.strings
2018-05-08 05:04:03 +0000  copying file ./MJRefresh.bundle/arrow@2x.png ... 
2018-05-08 05:04:03 +0000  1033 bytes for ./MJRefresh.bundle/arrow@2x.png
2018-05-08 05:04:03 +0000  copying file ./MJRefresh.bundle/zh-Hant.lproj/Localizable.strings ... 
2018-05-08 05:04:03 +0000  773 bytes for ./MJRefresh.bundle/zh-Hant.lproj/Localizable.strings
2018-05-08 05:04:03 +0000  copying file ./-图片.png ... 
2018-05-08 05:04:03 +0000  3778 bytes for ./-图片.png
copying file ./MineMainData.plist ... 
2018-05-08 05:04:03 +0000  588 bytes for ./MineMainData.plist
copying file ./text@2x.png ... 
2018-05-08 05:04:03 +0000  1405 bytes for ./text@2x.png
copying file ./ZLPhotoBrowserCell.nib ... 
2018-05-08 05:04:03 +0000  3637 bytes for ./ZLPhotoBrowserCell.nib
copying file ./AppIcon60x60@2x.png ... 
2018-05-08 05:04:03 +0000  5005 bytes for ./AppIcon60x60@2x.png
2018-05-08 05:04:03 +0000  copying file ./IQKeyboardManager.bundle/IQButtonBarArrowRight@2x.png ... 
2018-05-08 05:04:03 +0000  1786 bytes for ./IQKeyboardManager.bundle/IQButtonBarArrowRight@2x.png
2018-05-08 05:04:03 +0000  copying file ./IQKeyboardManager.bundle/IQButtonBarArrowUp@3x.png ... 
2018-05-08 05:04:03 +0000  2164 bytes for ./IQKeyboardManager.bundle/IQButtonBarArrowUp@3x.png
2018-05-08 05:04:03 +0000  copying file ./IQKeyboardManager.bundle/IQButtonBarArrowUp@2x.png ... 
2018-05-08 05:04:03 +0000  1769 bytes for ./IQKeyboardManager.bundle/IQButtonBarArrowUp@2x.png
2018-05-08 05:04:03 +0000  copying file ./IQKeyboardManager.bundle/IQButtonBarArrowRight@3x.png ... 
2018-05-08 05:04:03 +0000  1844 bytes for ./IQKeyboardManager.bundle/IQButtonBarArrowRight@3x.png
copying file ./IQKeyboardManager.bundle/IQButtonBarArrowLeft@3x.png ... 
2018-05-08 05:04:03 +0000  1815 bytes for ./IQKeyboardManager.bundle/IQButtonBarArrowLeft@3x.png
copying file ./IQKeyboardManager.bundle/IQButtonBarArrowDown@3x.png ... 
2018-05-08 05:04:03 +0000  2177 bytes for ./IQKeyboardManager.bundle/IQButtonBarArrowDown@3x.png
2018-05-08 05:04:03 +0000  copying file ./IQKeyboardManager.bundle/IQButtonBarArrowDown@2x.png ... 
2018-05-08 05:04:03 +0000  1764 bytes for ./IQKeyboardManager.bundle/IQButtonBarArrowDown@2x.png
2018-05-08 05:04:03 +0000  copying file ./IQKeyboardManager.bundle/IQButtonBarArrowLeft@2x.png ... 
2018-05-08 05:04:03 +0000  1793 bytes for ./IQKeyboardManager.bundle/IQButtonBarArrowLeft@2x.png
2018-05-08 05:04:03 +0000  copying file ./ZLPhotoActionSheet.nib ... 
2018-05-08 05:04:03 +0000  6253 bytes for ./ZLPhotoActionSheet.nib
2018-05-08 05:04:03 +0000  copying file ./load1.gif ... 
2018-05-08 05:04:03 +0000  17916 bytes for ./load1.gif
2018-05-08 05:04:03 +0000  copying file ./AppIcon40x40@3x.png ... 
2018-05-08 05:04:03 +0000  5005 bytes for ./AppIcon40x40@3x.png
2018-05-08 05:04:03 +0000  copying file ./clip_ok@2x.png ... 
2018-05-08 05:04:03 +0000  451 bytes for ./clip_ok@2x.png
2018-05-08 05:04:03 +0000  copying file ./AppIcon40x40@2x.png ... 
2018-05-08 05:04:03 +0000  3637 bytes for ./AppIcon40x40@2x.png
2018-05-08 05:04:03 +0000  copying file ./AppIcon60x60@3x.png ... 
2018-05-08 05:04:03 +0000  7105 bytes for ./AppIcon60x60@3x.png
2018-05-08 05:04:03 +0000  copying file ./Base.lproj/LaunchScreen.storyboardc/01J-lp-oVM-view-Ze5-6b-2t3.nib ... 
2018-05-08 05:04:03 +0000  1793 bytes for ./Base.lproj/LaunchScreen.storyboardc/01J-lp-oVM-view-Ze5-6b-2t3.nib
2018-05-08 05:04:03 +0000  copying file ./Base.lproj/LaunchScreen.storyboardc/UIViewController-01J-lp-oVM.nib ... 
2018-05-08 05:04:03 +0000  832 bytes for ./Base.lproj/LaunchScreen.storyboardc/UIViewController-01J-lp-oVM.nib
2018-05-08 05:04:03 +0000  copying file ./Base.lproj/LaunchScreen.storyboardc/Info.plist ... 
2018-05-08 05:04:03 +0000  258 bytes for ./Base.lproj/LaunchScreen.storyboardc/Info.plist
2018-05-08 05:04:03 +0000  copying file ./Base.lproj/WBGImageEditorViewController.xib ... 
2018-05-08 05:04:03 +0000  30278 bytes for ./Base.lproj/WBGImageEditorViewController.xib
2018-05-08 05:04:03 +0000  copying file ./DateDescription.strings ... 
2018-05-08 05:04:03 +0000  617 bytes for ./DateDescription.strings
copying file ./qc.cer ... 
2018-05-08 05:04:03 +0000  833 bytes for ./qc.cer
2018-05-08 05:04:03 +0000  copying file ./load.gif ... 
2018-05-08 05:04:03 +0000  72615 bytes for ./load.gif
2018-05-08 05:04:03 +0000  copying file ./Assets.car ... 
2018-05-08 05:04:03 +0000  2769624 bytes for ./Assets.car
copying file ./bg@2x.png ... 
2018-05-08 05:04:03 +0000  756229 bytes for ./bg@2x.png
copying file ./En_LanguageList.plist ... 
5045 bytes for ./En_LanguageList.plist
copying file ./usage-agreement1.html ... 
19314 bytes for ./usage-agreement1.html
copying file ./StatisticsData.plist ... 
481 bytes for ./StatisticsData.plist
copying file ./WBGImageEditorViewController.strings ... 
333 bytes for ./WBGImageEditorViewController.strings
copying file ./LaunchImage-700-568h@2x.png ... 
14942 bytes for ./LaunchImage-700-568h@2x.png
copying file ./clip@2x.png ... 
758 bytes for ./clip@2x.png
copying file ./BRCity.plist ... 
132262 bytes for ./BRCity.plist
copying file ./Combined Shape@2x.png ... 
1241 bytes for ./Combined Shape@2x.png
copying file ./O-trialPro ... 
2018-05-08 05:04:03 +0000  10068704 bytes for ./O-trialPro
2018-05-08 05:04:03 +0000  2018-05-08 05:04:03 +0000  /usr/bin/ditto exited with 0

2018-05-08 05:04:03 +0000  copying file ./annotate_selected@2x.png ... 
1776 bytes for ./annotate_selected@2x.png
copying file ./embedded.mobileprovision ... 
18347 bytes for ./embedded.mobileprovision
copying file ./SVProgressHUD.bundle/info.png ... 
365 bytes for ./SVProgressHUD.bundle/info.png
copying file ./SVProgressHUD.bundle/error@3x.png ... 
398 bytes for ./SVProgressHUD.bundle/error@3x.png
copying file ./SVProgressHUD.bundle/angle-mask@3x.png ... 
8319 bytes for ./SVProgressHUD.bundle/angle-mask@3x.png
copying file ./SVProgressHUD.bundle/angle-mask@2x.png ... 
4893 bytes for ./SVProgressHUD.bundle/angle-mask@2x.png
copying file ./SVProgressHUD.bundle/error@2x.png ... 
306 bytes for ./SVProgressHUD.bundle/error@2x.png
copying file ./SVProgressHUD.bundle/info@3x.png ... 
1200 bytes for ./SVProgressHUD.bundle/info@3x.png
copying file ./SVProgressHUD.bundle/success@2x.png ... 
462 bytes for ./SVProgressHUD.bundle/success@2x.png
copying file ./SVProgressHUD.bundle/success@3x.png ... 
714 bytes for ./SVProgressHUD.bundle/success@3x.png
copying file ./SVProgressHUD.bundle/info@2x.png ... 
816 bytes for ./SVProgressHUD.bundle/info@2x.png
copying file ./SVProgressHUD.bundle/error.png ... 
184 bytes for ./SVProgressHUD.bundle/error.png
copying file ./SVProgressHUD.bundle/success.png ... 
262 bytes for ./SVProgressHUD.bundle/success.png
copying file ./SVProgressHUD.bundle/angle-mask.png ... 
1845 bytes for ./SVProgressHUD.bundle/angle-mask.png
copying file ./text_selected@2x.png ... 
2153 bytes for ./text_selected@2x.png
copying file ./clip_rotate@2x.png ... 
701 bytes for ./clip_rotate@2x.png
copying file ./WBGImageEditorViewController.nib/objects-11.0+.nib ... 
10269 bytes for ./WBGImageEditorViewController.nib/objects-11.0+.nib
copying file ./WBGImageEditorViewController.nib/runtime.nib ... 
9568 bytes for ./WBGImageEditorViewController.nib/runtime.nib
copying file ./clip_close@2x.png ... 
495 bytes for ./clip_close@2x.png
copying file ./Info.plist ... 
2172 bytes for ./Info.plist
copying file ./PkgInfo ... 
8 bytes for ./PkgInfo
copying file ./MainControllerList.plist ... 
534 bytes for ./MainControllerList.plist
2018-05-08 05:04:03 +0000  Processing step: IDEDistributionEmbedProfileStep
2018-05-08 05:04:03 +0000  Processing step: IDEDistributionAppThinningPlistStep
2018-05-08 05:04:03 +0000  Skipping step: IDEDistributionAppThinningPlistStep because it said so
2018-05-08 05:04:03 +0000  Processing step: IDEDistributionCompileBitcodeStep
2018-05-08 05:04:03 +0000  Skipping step: IDEDistributionCompileBitcodeStep because it said so
2018-05-08 05:04:03 +0000  Processing step: IDEDistributionCodeSlimmingStep
2018-05-08 05:04:03 +0000  Processing step: IDEDistributionCopyBCSymbolMapsStep
2018-05-08 05:04:03 +0000  Skipping step: IDEDistributionCopyBCSymbolMapsStep because it said so
2018-05-08 05:04:03 +0000  Processing step: IDEDistributionSymbolsStep
2018-05-08 05:04:03 +0000  Skipping step: IDEDistributionSymbolsStep because it said so
2018-05-08 05:04:03 +0000  Processing step: IDEDistributionAppThinningStep
2018-05-08 05:04:03 +0000  Skipping step: IDEDistributionAppThinningStep because it said so
2018-05-08 05:04:03 +0000  Processing step: IDEDistributionODRStep
2018-05-08 05:04:03 +0000  Processing step: IDEDistributionStripXattrsStep
2018-05-08 05:04:03 +0000  Running /usr/bin/xattr '-crs' '/var/folders/xq/vvj21q5d4msgn8p_tbxp4fch0000gp/T/XcodeDistPipeline.BY7/Root/Payload/O-trialPro.app'
2018-05-08 05:04:03 +0000  
2018-05-08 05:04:03 +0000  2018-05-08 05:04:03 +0000  /usr/bin/xattr exited with 0
2018-05-08 05:04:03 +0000  

2018-05-08 05:04:03 +0000  
2018-05-08 05:04:03 +0000  Processing step: IDEDistributionCodesignStep
2018-05-08 05:04:03 +0000  Entitlements for <IDEDistributionItem: 0x7fbc1ea45840 'OceanusPlus.O-trialPro' '<DVTFilePath:0x7fbc1e2d5170:'/Users/lei.shi/Library/Developer/Xcode/Archives/2018-05-08/O-trialPro 2018-5-8 下午1.03.xcarchive/Products/Applications/O-trialPro.app'>'>: {
    "application-identifier" = "BRDE53LHF8.OceanusPlus.O-trialPro";
    "com.apple.developer.team-identifier" = BRDE53LHF8;
    "get-task-allow" = 1;
    "keychain-access-groups" =     (
        "BRDE53LHF8.OceanusPlus.O-trialPro"
    );
}
2018-05-08 05:04:03 +0000  Writing entitlements for <IDEDistributionItem: 0x7fbc1ea45840 'OceanusPlus.O-trialPro' '<DVTFilePath:0x7fbc1e2d5170:'/Users/lei.shi/Library/Developer/Xcode/Archives/2018-05-08/O-trialPro 2018-5-8 下午1.03.xcarchive/Products/Applications/O-trialPro.app'>'> to: /var/folders/xq/vvj21q5d4msgn8p_tbxp4fch0000gp/T/XcodeDistPipeline.BY7/entitlementsxmZmdu
2018-05-08 05:04:03 +0000  Running /usr/bin/codesign '-vvv' '--force' '--sign' '40402198D273BFEA26C829D7937439D6184655DE' '--preserve-metadata=identifier,flags' '--entitlements' '/var/folders/xq/vvj21q5d4msgn8p_tbxp4fch0000gp/T/XcodeDistPipeline.BY7/entitlementsxmZmdu' '/var/folders/xq/vvj21q5d4msgn8p_tbxp4fch0000gp/T/XcodeDistPipeline.BY7/Root/Payload/O-trialPro.app'
2018-05-08 05:04:03 +0000  /var/folders/xq/vvj21q5d4msgn8p_tbxp4fch0000gp/T/XcodeDistPipeline.BY7/Root/Payload/O-trialPro.app: replacing existing signature
2018-05-08 05:04:03 +0000  /var/folders/xq/vvj21q5d4msgn8p_tbxp4fch0000gp/T/XcodeDistPipeline.BY7/Root/Payload/O-trialPro.app: signed app bundle with Mach-O universal (armv7 arm64) [OceanusPlus.O-trialPro]
2018-05-08 05:04:03 +0000  2018-05-08 05:04:03 +0000  

2018-05-08 05:04:03 +0000  
2018-05-08 05:04:03 +0000  
2018-05-08 05:04:03 +0000  
2018-05-08 05:04:03 +0000  
2018-05-08 05:04:03 +0000  
2018-05-08 05:04:03 +0000  2018-05-08 05:04:03 +0000  

2018-05-08 05:04:03 +0000  
2018-05-08 05:04:03 +0000  /usr/bin/codesign exited with 02018-05-08 05:04:03 +0000  

2018-05-08 05:04:03 +0000  
2018-05-08 05:04:03 +0000  
2018-05-08 05:04:03 +0000  Processing step: IDEDistributionStreamingZipItemStep
2018-05-08 05:04:03 +0000  Skipping step: IDEDistributionStreamingZipItemStep because it said so
2018-05-08 05:04:03 +0000  Processing step: IDEDistributionCreateIPAStep
2018-05-08 05:04:03 +0000  Running /usr/bin/ditto '-V' '-c' '-k' '--norsrc' '/var/folders/xq/vvj21q5d4msgn8p_tbxp4fch0000gp/T/XcodeDistPipeline.BY7/Root' '/var/folders/xq/vvj21q5d4msgn8p_tbxp4fch0000gp/T/XcodeDistPipeline.BY7/Packages/O-trialPro.ipa'
2018-05-08 05:04:03 +0000  >>> Copying /var/folders/xq/vvj21q5d4msgn8p_tbxp4fch0000gp/T/XcodeDistPipeline.BY7/Root 
2018-05-08 05:04:03 +0000  copying file ./Payload/O-trialPro.app/_CodeSignature/CodeResources ... 
2018-05-08 05:04:03 +0000  39934 bytes for ./Payload/O-trialPro.app/_CodeSignature/CodeResources
2018-05-08 05:04:03 +0000  copying file ./Payload/O-trialPro.app/annotate@2x.png ... 
2018-05-08 05:04:03 +0000  1092 bytes for ./Payload/O-trialPro.app/annotate@2x.png
copying file ./Payload/O-trialPro.app/zh-Hans.lproj/WBGImageEditorViewController.strings ... 
2018-05-08 05:04:03 +0000  339 bytes for ./Payload/O-trialPro.app/zh-Hans.lproj/WBGImageEditorViewController.strings
copying file ./Payload/O-trialPro.app/HomeMain.plist ... 
2018-05-08 05:04:03 +0000  437 bytes for ./Payload/O-trialPro.app/HomeMain.plist
2018-05-08 05:04:03 +0000  copying file ./Payload/O-trialPro.app/ZLPhotoBrowser.bundle/arrow_down@3x.png ... 
2018-05-08 05:04:03 +0000  2201 bytes for ./Payload/O-trialPro.app/ZLPhotoBrowser.bundle/arrow_down@3x.png
2018-05-08 05:04:03 +0000  copying file ./Payload/O-trialPro.app/ZLPhotoBrowser.bundle/zh-Hans.lproj/Localizable.strings ... 
2018-05-08 05:04:03 +0000  2390 bytes for ./Payload/O-trialPro.app/ZLPhotoBrowser.bundle/zh-Hans.lproj/Localizable.strings
copying file ./Payload/O-trialPro.app/ZLPhotoBrowser.bundle/btn_unselected@3x.png ... 
2018-05-08 05:04:03 +0000  4884 bytes for ./Payload/O-trialPro.app/ZLPhotoBrowser.bundle/btn_unselected@3x.png
copying file ./Payload/O-trialPro.app/ZLPhotoBrowser.bundle/ic_right@2x.png ... 
2018-05-08 05:04:03 +0000  208 bytes for ./Payload/O-trialPro.app/ZLPhotoBrowser.bundle/ic_right@2x.png
copying file ./Payload/O-trialPro.app/ZLPhotoBrowser.bundle/navBackBtn@2x.png ... 
2018-05-08 05:04:03 +0000  116 bytes for ./Payload/O-trialPro.app/ZLPhotoBrowser.bundle/navBackBtn@2x.png
copying file ./Payload/O-trialPro.app/ZLPhotoBrowser.bundle/defaultphoto.png ... 
2018-05-08 05:04:03 +0000  2474 bytes for ./Payload/O-trialPro.app/ZLPhotoBrowser.bundle/defaultphoto.png
2018-05-08 05:04:03 +0000  copying file ./Payload/O-trialPro.app/ZLPhotoBrowser.bundle/en.lproj/Localizable.strings ... 
2018-05-08 05:04:03 +0000  2373 bytes for ./Payload/O-trialPro.app/ZLPhotoBrowser.bundle/en.lproj/Localizable.strings
copying file ./Payload/O-trialPro.app/ZLPhotoBrowser.bundle/takePhoto@2x.png ... 
2018-05-08 05:04:03 +0000  1420 bytes for ./Payload/O-trialPro.app/ZLPhotoBrowser.bundle/takePhoto@2x.png
copying file ./Payload/O-trialPro.app/ZLPhotoBrowser.bundle/zl_rotateimage.png ... 
2018-05-08 05:04:03 +0000  758 bytes for ./Payload/O-trialPro.app/ZLPhotoBrowser.bundle/zl_rotateimage.png
copying file ./Payload/O-trialPro.app/ZLPhotoBrowser.bundle/videoLoadFailed@2x.png ... 
2018-05-08 05:04:03 +0000  637 bytes for ./Payload/O-trialPro.app/ZLPhotoBrowser.bundle/videoLoadFailed@2x.png
2018-05-08 05:04:03 +0000  copying file ./Payload/O-trialPro.app/ZLPhotoBrowser.bundle/btn_selected.png ... 
598 bytes for ./Payload/O-trialPro.app/ZLPhotoBrowser.bundle/btn_selected.png
copying file ./Payload/O-trialPro.app/ZLPhotoBrowser.bundle/videoLoadFailed@3x.png ... 
2018-05-08 05:04:03 +0000  801 bytes for ./Payload/O-trialPro.app/ZLPhotoBrowser.bundle/videoLoadFailed@3x.png
2018-05-08 05:04:03 +0000  copying file ./Payload/O-trialPro.app/ZLPhotoBrowser.bundle/takePhoto@3x.png ... 
2018-05-08 05:04:03 +0000  2218 bytes for ./Payload/O-trialPro.app/ZLPhotoBrowser.bundle/takePhoto@3x.png
copying file ./Payload/O-trialPro.app/ZLPhotoBrowser.bundle/ic_right@3x.png ... 
2018-05-08 05:04:03 +0000  502 bytes for ./Payload/O-trialPro.app/ZLPhotoBrowser.bundle/ic_right@3x.png
copying file ./Payload/O-trialPro.app/ZLPhotoBrowser.bundle/btn_unselected@2x.png ... 
2018-05-08 05:04:03 +0000  4084 bytes for ./Payload/O-trialPro.app/ZLPhotoBrowser.bundle/btn_unselected@2x.png
copying file ./Payload/O-trialPro.app/ZLPhotoBrowser.bundle/arrow_down@2x.png ... 
2018-05-08 05:04:03 +0000  1553 bytes for ./Payload/O-trialPro.app/ZLPhotoBrowser.bundle/arrow_down@2x.png
copying file ./Payload/O-trialPro.app/ZLPhotoBrowser.bundle/lock.png ... 
2018-05-08 05:04:03 +0000  22135 bytes for ./Payload/O-trialPro.app/ZLPhotoBrowser.bundle/lock.png
copying file ./Payload/O-trialPro.app/ZLPhotoBrowser.bundle/zl_rotateimage@2x.png ... 
2018-05-08 05:04:03 +0000  1123 bytes for ./Payload/O-trialPro.app/ZLPhotoBrowser.bundle/zl_rotateimage@2x.png
copying file ./Payload/O-trialPro.app/ZLPhotoBrowser.bundle/playVideo@2x.png ... 
2018-05-08 05:04:03 +0000  21247 bytes for ./Payload/O-trialPro.app/ZLPhotoBrowser.bundle/playVideo@2x.png
copying file ./Payload/O-trialPro.app/ZLPhotoBrowser.bundle/videoView@3x.png ... 
2018-05-08 05:04:03 +0000  15761 bytes for ./Payload/O-trialPro.app/ZLPhotoBrowser.bundle/videoView@3x.png
copying file ./Payload/O-trialPro.app/ZLPhotoBrowser.bundle/retake@2x.png ... 
2018-05-08 05:04:03 +0000  2167 bytes for ./Payload/O-trialPro.app/ZLPhotoBrowser.bundle/retake@2x.png
copying file ./Payload/O-trialPro.app/ZLPhotoBrowser.bundle/btn_rotate.png ... 
2018-05-08 05:04:03 +0000  8924 bytes for ./Payload/O-trialPro.app/ZLPhotoBrowser.bundle/btn_rotate.png
copying file ./Payload/O-trialPro.app/ZLPhotoBrowser.bundle/retake@3x.png ... 
2018-05-08 05:04:03 +0000  3006 bytes for ./Payload/O-trialPro.app/ZLPhotoBrowser.bundle/retake@3x.png
copying file ./Payload/O-trialPro.app/ZLPhotoBrowser.bundle/btn_original_circle.png ... 
2018-05-08 05:04:03 +0000  1037 bytes for ./Payload/O-trialPro.app/ZLPhotoBrowser.bundle/btn_original_circle.png
2018-05-08 05:04:03 +0000  copying file ./Payload/O-trialPro.app/ZLPhotoBrowser.bundle/videoView@2x.png ... 
2018-05-08 05:04:03 +0000  15373 bytes for ./Payload/O-trialPro.app/ZLPhotoBrowser.bundle/videoView@2x.png
copying file ./Payload/O-trialPro.app/ZLPhotoBrowser.bundle/playVideo@3x.png ... 
2018-05-08 05:04:03 +0000  23821 bytes for ./Payload/O-trialPro.app/ZLPhotoBrowser.bundle/playVideo@3x.png
2018-05-08 05:04:03 +0000  copying file ./Payload/O-trialPro.app/ZLPhotoBrowser.bundle/zh-Hant.lproj/Localizable.strings ... 
2018-05-08 05:04:03 +0000  2390 bytes for ./Payload/O-trialPro.app/ZLPhotoBrowser.bundle/zh-Hant.lproj/Localizable.strings
copying file ./Payload/O-trialPro.app/ZLPhotoBrowser.bundle/zl_rotateimage@3x.png ... 
2018-05-08 05:04:03 +0000  1469 bytes for ./Payload/O-trialPro.app/ZLPhotoBrowser.bundle/zl_rotateimage@3x.png
copying file ./Payload/O-trialPro.app/ZLPhotoBrowser.bundle/btn_original_circle@3x.png ... 
2018-05-08 05:04:03 +0000  2668 bytes for ./Payload/O-trialPro.app/ZLPhotoBrowser.bundle/btn_original_circle@3x.png
copying file ./Payload/O-trialPro.app/ZLPhotoBrowser.bundle/toggle_camera@2x.png ... 
2018-05-08 05:04:03 +0000  2392 bytes for ./Payload/O-trialPro.app/ZLPhotoBrowser.bundle/toggle_camera@2x.png
copying file ./Payload/O-trialPro.app/ZLPhotoBrowser.bundle/btn_circle@2x.png ... 
2018-05-08 05:04:03 +0000  1540 bytes for ./Payload/O-trialPro.app/ZLPhotoBrowser.bundle/btn_circle@2x.png
2018-05-08 05:04:03 +0000  copying file ./Payload/O-trialPro.app/ZLPhotoBrowser.bundle/btn_circle@3x.png ... 
2018-05-08 05:04:03 +0000  3814 bytes for ./Payload/O-trialPro.app/ZLPhotoBrowser.bundle/btn_circle@3x.png
copying file ./Payload/O-trialPro.app/ZLPhotoBrowser.bundle/toggle_camera@3x.png ... 
2018-05-08 05:04:03 +0000  3492 bytes for ./Payload/O-trialPro.app/ZLPhotoBrowser.bundle/toggle_camera@3x.png
copying file ./Payload/O-trialPro.app/ZLPhotoBrowser.bundle/btn_original_circle@2x.png ... 
2018-05-08 05:04:03 +0000  1885 bytes for ./Payload/O-trialPro.app/ZLPhotoBrowser.bundle/btn_original_circle@2x.png
copying file ./Payload/O-trialPro.app/ZLPhotoBrowser.bundle/focus@3x.png ... 
2018-05-08 05:04:03 +0000  2224 bytes for ./Payload/O-trialPro.app/ZLPhotoBrowser.bundle/focus@3x.png
copying file ./Payload/O-trialPro.app/ZLPhotoBrowser.bundle/btn_unselected.png ... 
2018-05-08 05:04:03 +0000  3313 bytes for ./Payload/O-trialPro.app/ZLPhotoBrowser.bundle/btn_unselected.png
2018-05-08 05:04:03 +0000  copying file ./Payload/O-trialPro.app/ZLPhotoBrowser.bundle/ic_left@3x.png ... 
514 bytes for ./Payload/O-trialPro.app/ZLPhotoBrowser.bundle/ic_left@3x.png
copying file ./Payload/O-trialPro.app/ZLPhotoBrowser.bundle/livePhoto@3x.png ... 
2018-05-08 05:04:03 +0000  3462 bytes for ./Payload/O-trialPro.app/ZLPhotoBrowser.bundle/livePhoto@3x.png
copying file ./Payload/O-trialPro.app/ZLPhotoBrowser.bundle/takeok@2x.png ... 
2018-05-08 05:04:03 +0000  2668 bytes for ./Payload/O-trialPro.app/ZLPhotoBrowser.bundle/takeok@2x.png
copying file ./Payload/O-trialPro.app/ZLPhotoBrowser.bundle/video@2x.png ... 
2018-05-08 05:04:03 +0000  1034 bytes for ./Payload/O-trialPro.app/ZLPhotoBrowser.bundle/video@2x.png
copying file ./Payload/O-trialPro.app/ZLPhotoBrowser.bundle/btn_selected@3x.png ... 
2018-05-08 05:04:03 +0000  1775 bytes for ./Payload/O-trialPro.app/ZLPhotoBrowser.bundle/btn_selected@3x.png
2018-05-08 05:04:03 +0000  copying file ./Payload/O-trialPro.app/ZLPhotoBrowser.bundle/ja-US.lproj/Localizable.strings ... 
2018-05-08 05:04:03 +0000  2783 bytes for ./Payload/O-trialPro.app/ZLPhotoBrowser.bundle/ja-US.lproj/Localizable.strings
2018-05-08 05:04:03 +0000  copying file ./Payload/O-trialPro.app/ZLPhotoBrowser.bundle/video@3x.png ... 
2018-05-08 05:04:03 +0000  1275 bytes for ./Payload/O-trialPro.app/ZLPhotoBrowser.bundle/video@3x.png
copying file ./Payload/O-trialPro.app/ZLPhotoBrowser.bundle/btn_selected@2x.png ... 
2018-05-08 05:04:03 +0000  1101 bytes for ./Payload/O-trialPro.app/ZLPhotoBrowser.bundle/btn_selected@2x.png
copying file ./Payload/O-trialPro.app/ZLPhotoBrowser.bundle/livePhoto@2x.png ... 
2018-05-08 05:04:03 +0000  2032 bytes for ./Payload/O-trialPro.app/ZLPhotoBrowser.bundle/livePhoto@2x.png
2018-05-08 05:04:03 +0000  copying file ./Payload/O-trialPro.app/ZLPhotoBrowser.bundle/takeok@3x.png ... 
2018-05-08 05:04:03 +0000  3863 bytes for ./Payload/O-trialPro.app/ZLPhotoBrowser.bundle/takeok@3x.png
copying file ./Payload/O-trialPro.app/ZLPhotoBrowser.bundle/ic_left@2x.png ... 
2018-05-08 05:04:03 +0000  203 bytes for ./Payload/O-trialPro.app/ZLPhotoBrowser.bundle/ic_left@2x.png
copying file ./Payload/O-trialPro.app/ZLPhotoBrowser.bundle/focus@2x.png ... 
2018-05-08 05:04:03 +0000  1328 bytes for ./Payload/O-trialPro.app/ZLPhotoBrowser.bundle/focus@2x.png
2018-05-08 05:04:03 +0000  copying file ./Payload/O-trialPro.app/en.lproj/WBGImageEditorViewController.strings ... 
2018-05-08 05:04:03 +0000  333 bytes for ./Payload/O-trialPro.app/en.lproj/WBGImageEditorViewController.strings
copying file ./Payload/O-trialPro.app/MJRefresh.bundle/zh-Hans.lproj/Localizable.strings ... 
2018-05-08 05:04:03 +0000  1194 bytes for ./Payload/O-trialPro.app/MJRefresh.bundle/zh-Hans.lproj/Localizable.strings
2018-05-08 05:04:03 +0000  copying file ./Payload/O-trialPro.app/MJRefresh.bundle/en.lproj/Localizable.strings ... 
2018-05-08 05:04:03 +0000  1372 bytes for ./Payload/O-trialPro.app/MJRefresh.bundle/en.lproj/Localizable.strings
2018-05-08 05:04:03 +0000  copying file ./Payload/O-trialPro.app/MJRefresh.bundle/arrow@2x.png ... 
2018-05-08 05:04:03 +0000  1033 bytes for ./Payload/O-trialPro.app/MJRefresh.bundle/arrow@2x.png
copying file ./Payload/O-trialPro.app/MJRefresh.bundle/zh-Hant.lproj/Localizable.strings ... 
2018-05-08 05:04:03 +0000  773 bytes for ./Payload/O-trialPro.app/MJRefresh.bundle/zh-Hant.lproj/Localizable.strings
2018-05-08 05:04:03 +0000  copying file ./Payload/O-trialPro.app/-图片.png ... 
2018-05-08 05:04:03 +0000  3778 bytes for ./Payload/O-trialPro.app/-图片.png
2018-05-08 05:04:03 +0000  copying file ./Payload/O-trialPro.app/MineMainData.plist ... 
588 bytes for ./Payload/O-trialPro.app/MineMainData.plist
copying file ./Payload/O-trialPro.app/text@2x.png ... 
2018-05-08 05:04:03 +0000  1405 bytes for ./Payload/O-trialPro.app/text@2x.png
copying file ./Payload/O-trialPro.app/ZLPhotoBrowserCell.nib ... 
2018-05-08 05:04:03 +0000  3637 bytes for ./Payload/O-trialPro.app/ZLPhotoBrowserCell.nib
copying file ./Payload/O-trialPro.app/AppIcon60x60@2x.png ... 
2018-05-08 05:04:03 +0000  5005 bytes for ./Payload/O-trialPro.app/AppIcon60x60@2x.png
2018-05-08 05:04:03 +0000  copying file ./Payload/O-trialPro.app/IQKeyboardManager.bundle/IQButtonBarArrowRight@2x.png ... 
2018-05-08 05:04:03 +0000  1786 bytes for ./Payload/O-trialPro.app/IQKeyboardManager.bundle/IQButtonBarArrowRight@2x.png
copying file ./Payload/O-trialPro.app/IQKeyboardManager.bundle/IQButtonBarArrowUp@3x.png ... 
2018-05-08 05:04:03 +0000  2164 bytes for ./Payload/O-trialPro.app/IQKeyboardManager.bundle/IQButtonBarArrowUp@3x.png
copying file ./Payload/O-trialPro.app/IQKeyboardManager.bundle/IQButtonBarArrowUp@2x.png ... 
2018-05-08 05:04:03 +0000  1769 bytes for ./Payload/O-trialPro.app/IQKeyboardManager.bundle/IQButtonBarArrowUp@2x.png
copying file ./Payload/O-trialPro.app/IQKeyboardManager.bundle/IQButtonBarArrowRight@3x.png ... 
2018-05-08 05:04:03 +0000  1844 bytes for ./Payload/O-trialPro.app/IQKeyboardManager.bundle/IQButtonBarArrowRight@3x.png
copying file ./Payload/O-trialPro.app/IQKeyboardManager.bundle/IQButtonBarArrowLeft@3x.png ... 
2018-05-08 05:04:03 +0000  1815 bytes for ./Payload/O-trialPro.app/IQKeyboardManager.bundle/IQButtonBarArrowLeft@3x.png
2018-05-08 05:04:03 +0000  copying file ./Payload/O-trialPro.app/IQKeyboardManager.bundle/IQButtonBarArrowDown@3x.png ... 
2018-05-08 05:04:03 +0000  2177 bytes for ./Payload/O-trialPro.app/IQKeyboardManager.bundle/IQButtonBarArrowDown@3x.png
copying file ./Payload/O-trialPro.app/IQKeyboardManager.bundle/IQButtonBarArrowDown@2x.png ... 
2018-05-08 05:04:03 +0000  1764 bytes for ./Payload/O-trialPro.app/IQKeyboardManager.bundle/IQButtonBarArrowDown@2x.png
copying file ./Payload/O-trialPro.app/IQKeyboardManager.bundle/IQButtonBarArrowLeft@2x.png ... 
2018-05-08 05:04:03 +0000  1793 bytes for ./Payload/O-trialPro.app/IQKeyboardManager.bundle/IQButtonBarArrowLeft@2x.png
2018-05-08 05:04:03 +0000  copying file ./Payload/O-trialPro.app/ZLPhotoActionSheet.nib ... 
2018-05-08 05:04:03 +0000  6253 bytes for ./Payload/O-trialPro.app/ZLPhotoActionSheet.nib
copying file ./Payload/O-trialPro.app/load1.gif ... 
2018-05-08 05:04:03 +0000  17916 bytes for ./Payload/O-trialPro.app/load1.gif
copying file ./Payload/O-trialPro.app/AppIcon40x40@3x.png ... 
2018-05-08 05:04:03 +0000  5005 bytes for ./Payload/O-trialPro.app/AppIcon40x40@3x.png
copying file ./Payload/O-trialPro.app/clip_ok@2x.png ... 
2018-05-08 05:04:03 +0000  451 bytes for ./Payload/O-trialPro.app/clip_ok@2x.png
2018-05-08 05:04:03 +0000  copying file ./Payload/O-trialPro.app/AppIcon40x40@2x.png ... 
2018-05-08 05:04:03 +0000  3637 bytes for ./Payload/O-trialPro.app/AppIcon40x40@2x.png
copying file ./Payload/O-trialPro.app/AppIcon60x60@3x.png ... 
2018-05-08 05:04:03 +0000  7105 bytes for ./Payload/O-trialPro.app/AppIcon60x60@3x.png
2018-05-08 05:04:03 +0000  copying file ./Payload/O-trialPro.app/Base.lproj/LaunchScreen.storyboardc/01J-lp-oVM-view-Ze5-6b-2t3.nib ... 
2018-05-08 05:04:03 +0000  1793 bytes for ./Payload/O-trialPro.app/Base.lproj/LaunchScreen.storyboardc/01J-lp-oVM-view-Ze5-6b-2t3.nib
copying file ./Payload/O-trialPro.app/Base.lproj/LaunchScreen.storyboardc/UIViewController-01J-lp-oVM.nib ... 
2018-05-08 05:04:03 +0000  832 bytes for ./Payload/O-trialPro.app/Base.lproj/LaunchScreen.storyboardc/UIViewController-01J-lp-oVM.nib
2018-05-08 05:04:03 +0000  copying file ./Payload/O-trialPro.app/Base.lproj/LaunchScreen.storyboardc/Info.plist ... 
258 bytes for ./Payload/O-trialPro.app/Base.lproj/LaunchScreen.storyboardc/Info.plist
2018-05-08 05:04:03 +0000  copying file ./Payload/O-trialPro.app/Base.lproj/WBGImageEditorViewController.xib ... 
2018-05-08 05:04:03 +0000  30278 bytes for ./Payload/O-trialPro.app/Base.lproj/WBGImageEditorViewController.xib
2018-05-08 05:04:03 +0000  copying file ./Payload/O-trialPro.app/DateDescription.strings ... 
617 bytes for ./Payload/O-trialPro.app/DateDescription.strings
copying file ./Payload/O-trialPro.app/qc.cer ... 
2018-05-08 05:04:03 +0000  833 bytes for ./Payload/O-trialPro.app/qc.cer
2018-05-08 05:04:03 +0000  copying file ./Payload/O-trialPro.app/load.gif ... 
2018-05-08 05:04:03 +0000  72615 bytes for ./Payload/O-trialPro.app/load.gif
2018-05-08 05:04:03 +0000  copying file ./Payload/O-trialPro.app/Assets.car ... 
2018-05-08 05:04:03 +0000  2769624 bytes for ./Payload/O-trialPro.app/Assets.car
copying file ./Payload/O-trialPro.app/bg@2x.png ... 
2018-05-08 05:04:03 +0000  756229 bytes for ./Payload/O-trialPro.app/bg@2x.png
copying file ./Payload/O-trialPro.app/En_LanguageList.plist ... 
2018-05-08 05:04:03 +0000  5045 bytes for ./Payload/O-trialPro.app/En_LanguageList.plist
copying file ./Payload/O-trialPro.app/usage-agreement1.html ... 
2018-05-08 05:04:03 +0000  19314 bytes for ./Payload/O-trialPro.app/usage-agreement1.html
copying file ./Payload/O-trialPro.app/StatisticsData.plist ... 
2018-05-08 05:04:03 +0000  481 bytes for ./Payload/O-trialPro.app/StatisticsData.plist
copying file ./Payload/O-trialPro.app/WBGImageEditorViewController.strings ... 
2018-05-08 05:04:03 +0000  333 bytes for ./Payload/O-trialPro.app/WBGImageEditorViewController.strings
copying file ./Payload/O-trialPro.app/LaunchImage-700-568h@2x.png ... 
2018-05-08 05:04:03 +0000  14942 bytes for ./Payload/O-trialPro.app/LaunchImage-700-568h@2x.png
copying file ./Payload/O-trialPro.app/clip@2x.png ... 
2018-05-08 05:04:03 +0000  758 bytes for ./Payload/O-trialPro.app/clip@2x.png
2018-05-08 05:04:03 +0000  copying file ./Payload/O-trialPro.app/BRCity.plist ... 
2018-05-08 05:04:03 +0000  132262 bytes for ./Payload/O-trialPro.app/BRCity.plist
2018-05-08 05:04:03 +0000  copying file ./Payload/O-trialPro.app/Combined Shape@2x.png ... 
1241 bytes for ./Payload/O-trialPro.app/Combined Shape@2x.png
copying file ./Payload/O-trialPro.app/O-trialPro ... 
2018-05-08 05:04:04 +0000  10068704 bytes for ./Payload/O-trialPro.app/O-trialPro
2018-05-08 05:04:04 +0000  copying file ./Payload/O-trialPro.app/annotate_selected@2x.png ... 
1776 bytes for ./Payload/O-trialPro.app/annotate_selected@2x.png
copying file ./Payload/O-trialPro.app/embedded.mobileprovision ... 
2018-05-08 05:04:04 +0000  16181 bytes for ./Payload/O-trialPro.app/embedded.mobileprovision
2018-05-08 05:04:04 +0000  copying file ./Payload/O-trialPro.app/SVProgressHUD.bundle/info.png ... 
2018-05-08 05:04:04 +0000  365 bytes for ./Payload/O-trialPro.app/SVProgressHUD.bundle/info.png
copying file ./Payload/O-trialPro.app/SVProgressHUD.bundle/error@3x.png ... 
2018-05-08 05:04:04 +0000  398 bytes for ./Payload/O-trialPro.app/SVProgressHUD.bundle/error@3x.png
copying file ./Payload/O-trialPro.app/SVProgressHUD.bundle/angle-mask@3x.png ... 
2018-05-08 05:04:04 +0000  8319 bytes for ./Payload/O-trialPro.app/SVProgressHUD.bundle/angle-mask@3x.png
copying file ./Payload/O-trialPro.app/SVProgressHUD.bundle/angle-mask@2x.png ... 
2018-05-08 05:04:04 +0000  4893 bytes for ./Payload/O-trialPro.app/SVProgressHUD.bundle/angle-mask@2x.png
copying file ./Payload/O-trialPro.app/SVProgressHUD.bundle/error@2x.png ... 
2018-05-08 05:04:04 +0000  306 bytes for ./Payload/O-trialPro.app/SVProgressHUD.bundle/error@2x.png
copying file ./Payload/O-trialPro.app/SVProgressHUD.bundle/info@3x.png ... 
2018-05-08 05:04:04 +0000  1200 bytes for ./Payload/O-trialPro.app/SVProgressHUD.bundle/info@3x.png
copying file ./Payload/O-trialPro.app/SVProgressHUD.bundle/success@2x.png ... 
2018-05-08 05:04:04 +0000  462 bytes for ./Payload/O-trialPro.app/SVProgressHUD.bundle/success@2x.png
2018-05-08 05:04:04 +0000  copying file ./Payload/O-trialPro.app/SVProgressHUD.bundle/success@3x.png ... 
2018-05-08 05:04:04 +0000  714 bytes for ./Payload/O-trialPro.app/SVProgressHUD.bundle/success@3x.png
copying file ./Payload/O-trialPro.app/SVProgressHUD.bundle/info@2x.png ... 
2018-05-08 05:04:04 +0000  816 bytes for ./Payload/O-trialPro.app/SVProgressHUD.bundle/info@2x.png
copying file ./Payload/O-trialPro.app/SVProgressHUD.bundle/error.png ... 
2018-05-08 05:04:04 +0000  184 bytes for ./Payload/O-trialPro.app/SVProgressHUD.bundle/error.png
copying file ./Payload/O-trialPro.app/SVProgressHUD.bundle/success.png ... 
2018-05-08 05:04:04 +0000  262 bytes for ./Payload/O-trialPro.app/SVProgressHUD.bundle/success.png
copying file ./Payload/O-trialPro.app/SVProgressHUD.bundle/angle-mask.png ... 
2018-05-08 05:04:04 +0000  1845 bytes for ./Payload/O-trialPro.app/SVProgressHUD.bundle/angle-mask.png
2018-05-08 05:04:04 +0000  copying file ./Payload/O-trialPro.app/text_selected@2x.png ... 
2018-05-08 05:04:04 +0000  2153 bytes for ./Payload/O-trialPro.app/text_selected@2x.png
copying file ./Payload/O-trialPro.app/clip_rotate@2x.png ... 
2018-05-08 05:04:04 +0000  701 bytes for ./Payload/O-trialPro.app/clip_rotate@2x.png
copying file ./Payload/O-trialPro.app/WBGImageEditorViewController.nib/objects-11.0+.nib ... 
2018-05-08 05:04:04 +0000  10269 bytes for ./Payload/O-trialPro.app/WBGImageEditorViewController.nib/objects-11.0+.nib
copying file ./Payload/O-trialPro.app/WBGImageEditorViewController.nib/runtime.nib ... 
2018-05-08 05:04:04 +0000  9568 bytes for ./Payload/O-trialPro.app/WBGImageEditorViewController.nib/runtime.nib
2018-05-08 05:04:04 +0000  copying file ./Payload/O-trialPro.app/clip_close@2x.png ... 
2018-05-08 05:04:04 +0000  495 bytes for ./Payload/O-trialPro.app/clip_close@2x.png
copying file ./Payload/O-trialPro.app/Info.plist ... 
2018-05-08 05:04:04 +0000  2172 bytes for ./Payload/O-trialPro.app/Info.plist
copying file ./Payload/O-trialPro.app/PkgInfo ... 
2018-05-08 05:04:04 +0000  8 bytes for ./Payload/O-trialPro.app/PkgInfo
copying file ./Payload/O-trialPro.app/MainControllerList.plist ... 
2018-05-08 05:04:04 +0000  534 bytes for ./Payload/O-trialPro.app/MainControllerList.plist
2018-05-08 05:04:04 +0000  2018-05-08 05:04:04 +0000  /usr/bin/ditto exited with 0

2018-05-08 05:04:04 +0000  
2018-05-08 05:04:04 +0000  Processing step: IDEDistributionCreateManifestStep
